* using log directory ‘/app/..Rcheck’
* using R version 4.3.3 (2024-02-29)
* using platform: x86_64-pc-linux-gnu (64-bit)
* R was compiled by
    gcc (Ubuntu 13.2.0-23ubuntu3) 13.2.0
    GNU Fortran (Ubuntu 13.2.0-23ubuntu3) 13.2.0
* running under: Ubuntu 24.04.2 LTS
* using session charset: UTF-8
* using options ‘--no-manual --no-build-vignettes’
* checking for file ‘./DESCRIPTION’ ... OK
* this is package ‘nn2poly’ version ‘0.1.2.9000’
* package encoding: UTF-8
* checking package namespace information ... OK
* checking package dependencies ... WARNING
Skipping vignette re-building
Packages suggested but not available for checking:
  'keras', 'tensorflow', 'reticulate', 'luz', 'torch', 'cowplot',
  'ggplot2', 'patchwork', 'vdiffr', 'knitr', 'rmarkdown'

VignetteBuilder package required for checking but not installed: ‘knitr’
* checking if this is a source package ... WARNING
Subdirectory ‘nn2poly/src’ contains apparent object files/libraries
  /app/src/RcppExports.o /app/src/algorithms.o /app/src/combinatorics.o
  /app/src/nn2poly.so /app/src/partition_utils.o
Object files/libraries should not be included in a source package.
* checking if there is a namespace ... OK
* checking for executable files ... OK
* checking for hidden files and directories ... NOTE
Found the following hidden files and directories:
  .github/.gitignore
  .gitignore
  src/.gitignore
  vignettes/.gitignore
  vignettes/source/.gitignore
  ..Rcheck
  .git
  .github
These were most likely included in error. See section ‘Package
structure’ in the ‘Writing R Extensions’ manual.
* checking for portable file names ... OK
* checking for sufficient/correct file permissions ... OK
* checking whether package ‘nn2poly’ can be installed ... OK
* used C++ compiler: ‘g++ (Ubuntu 13.3.0-6ubuntu2~24.04) 13.3.0’
* checking C++ specification ... NOTE
  Specified C++14: please drop specification unless essential
* checking installed package size ... OK
* checking package directory ... OK
* checking DESCRIPTION meta-information ... NOTE
Checking should be performed on sources prepared by ‘R CMD build’.
* checking top-level files ... OK
* checking for left-over files ... OK
* checking index information ... OK
* checking package subdirectories ... WARNING
Found the following directory with the name of a check directory:
  ./..Rcheck
Most likely, these were included erroneously.
* checking R files for non-ASCII characters ... OK
* checking R files for syntax errors ... OK
* checking whether the package can be loaded ... OK
* checking whether the package can be loaded with stated dependencies ... OK
* checking whether the package can be unloaded cleanly ... OK
* checking whether the namespace can be loaded with stated dependencies ... OK
* checking whether the namespace can be unloaded cleanly ... OK
* checking loading without being on the library search path ... OK
* checking dependencies in R code ... OK
* checking S3 generic/method consistency ... OK
* checking replacement functions ... OK
* checking foreign function calls ... OK
* checking R code for possible problems ... OK
* checking Rd files ... OK
* checking Rd metadata ... OK
* checking Rd cross-references ... OK
* checking for missing documentation entries ... OK
* checking for code/documentation mismatches ... OK
* checking Rd \usage sections ... OK
* checking Rd contents ... OK
* checking for unstated dependencies in examples ... OK
* checking line endings in C/C++/Fortran sources/headers ... OK
* checking line endings in Makefiles ... OK
* checking compilation flags in Makevars ... OK
* checking for GNU extensions in Makefiles ... OK
* checking for portable use of $(BLAS_LIBS) and $(LAPACK_LIBS) ... OK
* checking use of PKG_*FLAGS in Makefiles ... OK
* checking compiled code ... OK
* checking files in ‘vignettes’ ... WARNING
Files in the 'vignettes' directory but no files in 'inst/doc':
  ‘includes/nn2poly-01-reg-comparison-polynomial-nn-1.png’
  ‘includes/nn2poly-01-reg-comparison-y-nn-1.png’
  ‘includes/nn2poly-01-reg-history-1.png’
  ‘includes/nn2poly-01-reg-n-important-1.png’
  ‘includes/nn2poly-01-reg-potentials-1.png’
  ‘includes/nn2poly-01-reg-potentials-2.png’
  ‘includes/nn2poly-01-reg-potentials-3.png’
  ‘includes/nn2poly-02-keras-comparison-y-nn_con-1.png’
  ‘includes/nn2poly-02-keras-comparison-y-nn_uncon-1.png’
  ‘includes/nn2poly-02-keras-n-important-1.png’
  ‘includes/nn2poly-02-keras-n-important-2.png’
  ‘includes/nn2poly-02-keras-nn_con-train-1.png’
  ‘includes/nn2poly-02-keras-nn_uncon-train-1.png’
  ‘includes/nn2poly-02-keras-polynomial-prediction-1.png’
  ‘includes/nn2poly-02-keras-polynomial-prediction-2.png’
  ‘includes/nn2poly-02-reg-n-important-1.png’
  ‘includes/nn2poly-02-reg-n-important-2.png’
  ‘includes/nn2poly-02-reg-polynomial-prediction-1.png’
  ‘includes/nn2poly-02-reg-polynomial-prediction-2.png’
  ‘includes/nn2poly-02-torch-comparison-y-nn_con-1.png’
  ‘includes/nn2poly-02-torch-comparison-y-nn_uncon-1.png’
  ‘includes/nn2poly-02-torch-nn_con-train-1.png’
  ‘includes/nn2poly-02-torch-nn_uncon-train-1.png’
  ‘includes/nn2poly-03-class-diagonal-plot-1.png’
  ‘includes/nn2poly-03-class-diagonal-plot-2.png’
  ‘includes/nn2poly-03-class-diagonal-plot-3.png’
  ‘includes/nn2poly-03-class-n-important-1.png’
  ‘includes/nn2poly-03-class-nn-compile-1.png’
  ‘includes/nn2poly-03-class-potentials-1.png’
  ‘includes/nn2poly-03-class-potentials-2.png’
  ‘includes/nn2poly-03-class-potentials-3.png’
  ‘nn2poly-01-introduction.Rmd’
  ‘nn2poly-02-supported-DL-frameworks.Rmd’
  ‘nn2poly-03-classification-example.Rmd’ ‘precompile.R’
  ‘source/_nn2poly-01-introduction.Rmd’
  ‘source/_nn2poly-02-supported-DL-frameworks.Rmd’
  ‘source/_nn2poly-03-classification-example.Rmd’
* checking examples ... ERROR
Running examples in ‘nn2poly-Ex.R’ failed
The error most likely occurred in:

> ### Name: plot.nn2poly
> ### Title: Plot method for 'nn2poly' objects.
> ### Aliases: plot.nn2poly
>
> ### ** Examples
>
> # --- Single polynomial output ---
> # Build a NN structure with random weights, with 2 (+ bias) inputs,
> # 4 (+bias) neurons in the first hidden layer with "tanh" activation
> # function, 4 (+bias) neurons in the second hidden layer with "softplus",
> # and 2 "linear" output units
>
> weights_layer_1 <- matrix(rnorm(12), nrow = 3, ncol = 4)
> weights_layer_2 <- matrix(rnorm(20), nrow = 5, ncol = 4)
> weights_layer_3 <- matrix(rnorm(5), nrow = 5, ncol = 1)
>
> # Set it as a list with activation functions as names
> nn_object = list("tanh" = weights_layer_1,
+                  "softplus" = weights_layer_2,
+                  "linear" = weights_layer_3)
>
> # Obtain the polynomial representation (order = 3) of that neural network
> final_poly <- nn2poly(nn_object, max_order = 3)
>
> # Plot all the coefficients, one plot per output unit
> plot(final_poly)
Error: package 'ggplot2' is required for this functionality
Execution halted
* checking for unstated dependencies in ‘tests’ ... OK
* checking tests ... ERROR
  Running ‘testthat.R’
Running the tests in ‘tests/testthat.R’ failed.
Last 13 lines of output:
      ▆
   1. └─nn2poly:::plot_diagonal(a, b, xlab = "this is a test", ylab = "yes, this is a test") at test-plot_diagonal.R:7:3
  ── Error ('test-plot_diagonal.R:20:3'): plot_diagonal for two arbitraty sequence of numbers
            but without line ──
  Error: package 'ggplot2' is required for this functionality
  Backtrace:
      ▆
   1. └─nn2poly:::plot_diagonal(...) at test-plot_diagonal.R:20:3

  [ FAIL 14 | WARN 0 | SKIP 8 | PASS 77 ]
  Error: Test failures
  In addition: Warning message:
  `teardown()` was deprecated in the 3rd edition.
  ℹ Please use test fixtures instead see vignette('test-fixtures') for details
  Execution halted
* DONE
Status: 2 ERRORs, 4 WARNINGs, 3 NOTEs
